<?xml version="1.0" encoding="UTF-8"?>
<robot generator="Robot 7.0 (Python 3.12.1 on win32)" generated="2024-02-04T02:05:17.043323" rpa="false" schemaversion="5">
<suite id="s1" name="ExecArgumentosVariaveis" source="C:\Users\nen01\Documents\VariaveisEscoposArgumentos\ExecArgumentosVariaveis.robot">
<test id="s1-t1" name="Caso de teste exercicio da aula de variaveis" line="18">
<kw name="teste01">
<kw name="Log To Console" owner="BuiltIn">
<arg>Em JANEIRO há ${Messes_Ano.janeiro} dias!</arg>
<doc>Logs the given message to the console.</doc>
<status status="PASS" start="2024-02-04T02:05:17.109327" elapsed="0.000000"/>
</kw>
<kw name="Log To Console" owner="BuiltIn">
<arg>Em FEVEREIRO há ${Messes_Ano.fevereiro} dias!</arg>
<doc>Logs the given message to the console.</doc>
<status status="PASS" start="2024-02-04T02:05:17.109327" elapsed="0.006133"/>
</kw>
<kw name="Log To Console" owner="BuiltIn">
<arg>Em MARÇO há ${Messes_Ano.março} dias!</arg>
<doc>Logs the given message to the console.</doc>
<status status="PASS" start="2024-02-04T02:05:17.115460" elapsed="0.000000"/>
</kw>
<kw name="Log To Console" owner="BuiltIn">
<arg>Em ABRIL há ${Messes_Ano.abril} dias!</arg>
<doc>Logs the given message to the console.</doc>
<status status="PASS" start="2024-02-04T02:05:17.115460" elapsed="0.005279"/>
</kw>
<kw name="Log To Console" owner="BuiltIn">
<arg>Em MAIO há ${Messes_Ano.maio} dias!</arg>
<doc>Logs the given message to the console.</doc>
<status status="PASS" start="2024-02-04T02:05:17.120739" elapsed="0.005225"/>
</kw>
<kw name="Log To Console" owner="BuiltIn">
<arg>Em JUNHO há ${Messes_Ano.junho} dias!</arg>
<doc>Logs the given message to the console.</doc>
<status status="PASS" start="2024-02-04T02:05:17.125964" elapsed="0.012055"/>
</kw>
<kw name="Log To Console" owner="BuiltIn">
<arg>Em JULHO há ${Messes_Ano.julho} dias!</arg>
<doc>Logs the given message to the console.</doc>
<status status="PASS" start="2024-02-04T02:05:17.138019" elapsed="0.004552"/>
</kw>
<kw name="Log To Console" owner="BuiltIn">
<arg>Em AGOSTO há ${Messes_Ano.agosto} dias!</arg>
<doc>Logs the given message to the console.</doc>
<status status="PASS" start="2024-02-04T02:05:17.142571" elapsed="0.008959"/>
</kw>
<kw name="Log To Console" owner="BuiltIn">
<arg>Em SETEMBRO há ${Messes_Ano.setembro} dias!</arg>
<doc>Logs the given message to the console.</doc>
<status status="PASS" start="2024-02-04T02:05:17.151530" elapsed="0.000000"/>
</kw>
<kw name="Log To Console" owner="BuiltIn">
<arg>Em OUTUBRO há ${Messes_Ano.outubro} dias!</arg>
<doc>Logs the given message to the console.</doc>
<status status="PASS" start="2024-02-04T02:05:17.151530" elapsed="0.000000"/>
</kw>
<kw name="Log To Console" owner="BuiltIn">
<arg>Em NOVEMBRO há ${Messes_Ano.novembro} dias!</arg>
<doc>Logs the given message to the console.</doc>
<status status="PASS" start="2024-02-04T02:05:17.151530" elapsed="0.000000"/>
</kw>
<kw name="Log To Console" owner="BuiltIn">
<arg>Em DEZEMBRO há ${Messes_Ano.dezembro} dias!</arg>
<doc>Logs the given message to the console.</doc>
<status status="PASS" start="2024-02-04T02:05:17.159264" elapsed="0.000000"/>
</kw>
<status status="PASS" start="2024-02-04T02:05:17.107013" elapsed="0.052251"/>
</kw>
<status status="PASS" start="2024-02-04T02:05:17.106707" elapsed="0.063377"/>
</test>
<doc>Exercicio da aula de argumentos variaveis</doc>
<status status="PASS" start="2024-02-04T02:05:17.043323" elapsed="0.126761"/>
</suite>
<statistics>
<total>
<stat pass="1" fail="0" skip="0">All Tests</stat>
</total>
<tag>
</tag>
<suite>
<stat pass="1" fail="0" skip="0" id="s1" name="ExecArgumentosVariaveis">ExecArgumentosVariaveis</stat>
</suite>
</statistics>
<errors>
</errors>
</robot>
